/usr/bin/cmake -H/home/guoxin/Projects/MTC -B/home/guoxin/Projects/MTC --check-build-system CMakeFiles/Makefile.cmake 0
/usr/bin/cmake -E cmake_progress_start /home/guoxin/Projects/MTC/CMakeFiles /home/guoxin/Projects/MTC/CMakeFiles/progress.marks
make -f CMakeFiles/Makefile2 all
make[1]: Entering directory `/home/guoxin/Projects/MTC'
make -f modules/Utility/CMakeFiles/util.dir/build.make modules/Utility/CMakeFiles/util.dir/depend
make[2]: Entering directory `/home/guoxin/Projects/MTC'
cd /home/guoxin/Projects/MTC && /usr/bin/cmake -E cmake_depends "Unix Makefiles" /home/guoxin/Projects/MTC /home/guoxin/Projects/MTC/modules/Utility /home/guoxin/Projects/MTC /home/guoxin/Projects/MTC/modules/Utility /home/guoxin/Projects/MTC/modules/Utility/CMakeFiles/util.dir/DependInfo.cmake --color=
make[2]: Leaving directory `/home/guoxin/Projects/MTC'
make -f modules/Utility/CMakeFiles/util.dir/build.make modules/Utility/CMakeFiles/util.dir/build
make[2]: Entering directory `/home/guoxin/Projects/MTC'
/usr/bin/cmake -E cmake_progress_report /home/guoxin/Projects/MTC/CMakeFiles 7
[ 14%] Building CXX object modules/Utility/CMakeFiles/util.dir/src/MyLib.cpp.o
cd /home/guoxin/Projects/MTC/modules/Utility && /usr/bin/c++   -Dutil_EXPORTS -std=c++11 -O0 -g3 -Wall   -fPIC -I/home/guoxin/Projects/MTC/modules/Utility/include    -o CMakeFiles/util.dir/src/MyLib.cpp.o -c /home/guoxin/Projects/MTC/modules/Utility/src/MyLib.cpp
Linking CXX shared library ../../Debug/lib/libutil.so
cd /home/guoxin/Projects/MTC/modules/Utility && /usr/bin/cmake -E cmake_link_script CMakeFiles/util.dir/link.txt --verbose=1
/usr/bin/c++  -fPIC -std=c++11 -O0 -g3 -Wall     -shared -Wl,-soname,libutil.so -o ../../Debug/lib/libutil.so CMakeFiles/util.dir/src/MyLib.cpp.o -L/home/guoxin/Projects/MTC/modules/Utility/src /usr/local/lib/libopencv_gpuimgproc.so /usr/local/lib/libopencv_gpuarithm.so /usr/local/lib/libopencv_gpufilters.so /usr/local/lib/libopencv_imgproc.so /usr/local/lib/libopencv_highgui.so /usr/local/lib/libopencv_core.so -Wl,-rpath,/home/guoxin/Projects/MTC/modules/Utility/src:/usr/local/lib 
make[2]: Leaving directory `/home/guoxin/Projects/MTC'
/usr/bin/cmake -E cmake_progress_report /home/guoxin/Projects/MTC/CMakeFiles  7
[ 14%] Built target util
make -f modules/TensorLib/CMakeFiles/Cube.dir/build.make modules/TensorLib/CMakeFiles/Cube.dir/depend
make[2]: Entering directory `/home/guoxin/Projects/MTC'
cd /home/guoxin/Projects/MTC && /usr/bin/cmake -E cmake_depends "Unix Makefiles" /home/guoxin/Projects/MTC /home/guoxin/Projects/MTC/modules/TensorLib /home/guoxin/Projects/MTC /home/guoxin/Projects/MTC/modules/TensorLib /home/guoxin/Projects/MTC/modules/TensorLib/CMakeFiles/Cube.dir/DependInfo.cmake --color=
make[2]: Leaving directory `/home/guoxin/Projects/MTC'
make -f modules/TensorLib/CMakeFiles/Cube.dir/build.make modules/TensorLib/CMakeFiles/Cube.dir/build
make[2]: Entering directory `/home/guoxin/Projects/MTC'
/usr/bin/cmake -E cmake_progress_report /home/guoxin/Projects/MTC/CMakeFiles 1
[ 28%] Building CXX object modules/TensorLib/CMakeFiles/Cube.dir/src/Cube.cpp.o
cd /home/guoxin/Projects/MTC/modules/TensorLib && /usr/bin/c++    -std=c++11 -O0 -g3 -Wall   -I/home/guoxin/Projects/MTC/modules/TensorLib/include -I/home/guoxin/Projects/MTC/modules/Utility/include    -o CMakeFiles/Cube.dir/src/Cube.cpp.o -c /home/guoxin/Projects/MTC/modules/TensorLib/src/Cube.cpp
Linking CXX static library libCube.a
cd /home/guoxin/Projects/MTC/modules/TensorLib && /usr/bin/cmake -P CMakeFiles/Cube.dir/cmake_clean_target.cmake
cd /home/guoxin/Projects/MTC/modules/TensorLib && /usr/bin/cmake -E cmake_link_script CMakeFiles/Cube.dir/link.txt --verbose=1
/usr/bin/ar cr libCube.a  CMakeFiles/Cube.dir/src/Cube.cpp.o
/usr/bin/ranlib libCube.a
make[2]: Leaving directory `/home/guoxin/Projects/MTC'
/usr/bin/cmake -E cmake_progress_report /home/guoxin/Projects/MTC/CMakeFiles  1
[ 28%] Built target Cube
make -f modules/TensorLib/CMakeFiles/Size3.dir/build.make modules/TensorLib/CMakeFiles/Size3.dir/depend
make[2]: Entering directory `/home/guoxin/Projects/MTC'
cd /home/guoxin/Projects/MTC && /usr/bin/cmake -E cmake_depends "Unix Makefiles" /home/guoxin/Projects/MTC /home/guoxin/Projects/MTC/modules/TensorLib /home/guoxin/Projects/MTC /home/guoxin/Projects/MTC/modules/TensorLib /home/guoxin/Projects/MTC/modules/TensorLib/CMakeFiles/Size3.dir/DependInfo.cmake --color=
make[2]: Leaving directory `/home/guoxin/Projects/MTC'
make -f modules/TensorLib/CMakeFiles/Size3.dir/build.make modules/TensorLib/CMakeFiles/Size3.dir/build
make[2]: Entering directory `/home/guoxin/Projects/MTC'
/usr/bin/cmake -E cmake_progress_report /home/guoxin/Projects/MTC/CMakeFiles 2
[ 42%] Building CXX object modules/TensorLib/CMakeFiles/Size3.dir/src/Size3.cpp.o
cd /home/guoxin/Projects/MTC/modules/TensorLib && /usr/bin/c++    -std=c++11 -O0 -g3 -Wall   -I/home/guoxin/Projects/MTC/modules/TensorLib/include -I/home/guoxin/Projects/MTC/modules/Utility/include    -o CMakeFiles/Size3.dir/src/Size3.cpp.o -c /home/guoxin/Projects/MTC/modules/TensorLib/src/Size3.cpp
Linking CXX static library libSize3.a
cd /home/guoxin/Projects/MTC/modules/TensorLib && /usr/bin/cmake -P CMakeFiles/Size3.dir/cmake_clean_target.cmake
cd /home/guoxin/Projects/MTC/modules/TensorLib && /usr/bin/cmake -E cmake_link_script CMakeFiles/Size3.dir/link.txt --verbose=1
/usr/bin/ar cr libSize3.a  CMakeFiles/Size3.dir/src/Size3.cpp.o
/usr/bin/ranlib libSize3.a
make[2]: Leaving directory `/home/guoxin/Projects/MTC'
/usr/bin/cmake -E cmake_progress_report /home/guoxin/Projects/MTC/CMakeFiles  2
[ 42%] Built target Size3
make -f modules/TensorLib/CMakeFiles/Tensor.dir/build.make modules/TensorLib/CMakeFiles/Tensor.dir/depend
make[2]: Entering directory `/home/guoxin/Projects/MTC'
cd /home/guoxin/Projects/MTC && /usr/bin/cmake -E cmake_depends "Unix Makefiles" /home/guoxin/Projects/MTC /home/guoxin/Projects/MTC/modules/TensorLib /home/guoxin/Projects/MTC /home/guoxin/Projects/MTC/modules/TensorLib /home/guoxin/Projects/MTC/modules/TensorLib/CMakeFiles/Tensor.dir/DependInfo.cmake --color=
make[2]: Leaving directory `/home/guoxin/Projects/MTC'
make -f modules/TensorLib/CMakeFiles/Tensor.dir/build.make modules/TensorLib/CMakeFiles/Tensor.dir/build
make[2]: Entering directory `/home/guoxin/Projects/MTC'
/usr/bin/cmake -E cmake_progress_report /home/guoxin/Projects/MTC/CMakeFiles 4
[ 57%] Building CXX object modules/TensorLib/CMakeFiles/Tensor.dir/src/Tensor.cpp.o
cd /home/guoxin/Projects/MTC/modules/TensorLib && /usr/bin/c++    -std=c++11 -O0 -g3 -Wall   -I/home/guoxin/Projects/MTC/modules/TensorLib/include -I/home/guoxin/Projects/MTC/modules/Utility/include    -o CMakeFiles/Tensor.dir/src/Tensor.cpp.o -c /home/guoxin/Projects/MTC/modules/TensorLib/src/Tensor.cpp
Linking CXX static library libTensor.a
cd /home/guoxin/Projects/MTC/modules/TensorLib && /usr/bin/cmake -P CMakeFiles/Tensor.dir/cmake_clean_target.cmake
cd /home/guoxin/Projects/MTC/modules/TensorLib && /usr/bin/cmake -E cmake_link_script CMakeFiles/Tensor.dir/link.txt --verbose=1
/usr/bin/ar cr libTensor.a  CMakeFiles/Tensor.dir/src/Tensor.cpp.o
/usr/bin/ranlib libTensor.a
make[2]: Leaving directory `/home/guoxin/Projects/MTC'
/usr/bin/cmake -E cmake_progress_report /home/guoxin/Projects/MTC/CMakeFiles  4
[ 57%] Built target Tensor
make -f modules/Metric/CMakeFiles/Steerable.dir/build.make modules/Metric/CMakeFiles/Steerable.dir/depend
make[2]: Entering directory `/home/guoxin/Projects/MTC'
cd /home/guoxin/Projects/MTC && /usr/bin/cmake -E cmake_depends "Unix Makefiles" /home/guoxin/Projects/MTC /home/guoxin/Projects/MTC/modules/Metric /home/guoxin/Projects/MTC /home/guoxin/Projects/MTC/modules/Metric /home/guoxin/Projects/MTC/modules/Metric/CMakeFiles/Steerable.dir/DependInfo.cmake --color=
Dependee "modules/TensorLib/include/Steerable.h" does not exist for depender "modules/Metric/CMakeFiles/Steerable.dir/src/Steerable.cpp.o".
Clearing dependencies in "/home/guoxin/Projects/MTC/modules/Metric/CMakeFiles/Steerable.dir/depend.make".
Scanning dependencies of target Steerable
make[2]: Leaving directory `/home/guoxin/Projects/MTC'
make -f modules/Metric/CMakeFiles/Steerable.dir/build.make modules/Metric/CMakeFiles/Steerable.dir/build
make[2]: Entering directory `/home/guoxin/Projects/MTC'
/usr/bin/cmake -E cmake_progress_report /home/guoxin/Projects/MTC/CMakeFiles 3
[ 71%] Building CXX object modules/Metric/CMakeFiles/Steerable.dir/src/Steerable.cpp.o
cd /home/guoxin/Projects/MTC/modules/Metric && /usr/bin/c++    -std=c++11 -O0 -g3 -Wall   -I/home/guoxin/Projects/MTC/modules/TensorLib/include -I/home/guoxin/Projects/MTC/modules/Utility/include -I/Metric/include    -o CMakeFiles/Steerable.dir/src/Steerable.cpp.o -c /home/guoxin/Projects/MTC/modules/Metric/src/Steerable.cpp
/home/guoxin/Projects/MTC/modules/Metric/src/Steerable.cpp:2:23: fatal error: Steerable.h: No such file or directory
 #include "Steerable.h"
                       ^
compilation terminated.
make[2]: *** [modules/Metric/CMakeFiles/Steerable.dir/src/Steerable.cpp.o] Error 1
make[2]: Leaving directory `/home/guoxin/Projects/MTC'
make[1]: *** [modules/Metric/CMakeFiles/Steerable.dir/all] Error 2
make[1]: Leaving directory `/home/guoxin/Projects/MTC'
make: *** [all] Error 2
